[04-Mar-2024 14:41:27 UTC] PHP Warning:  Undefined array key "WORDPRESS_DB_NAME" in C:\Users\theor\Local Sites\medit2\app\public\wp-config.php on line 31
[04-Mar-2024 14:41:27 UTC] PHP Warning:  Constant DB_NAME already defined in C:\Users\theor\Local Sites\medit2\app\public\wp-config.php on line 31
[04-Mar-2024 14:41:27 UTC] PHP Warning:  Undefined array key "WORDPRESS_DB_USER" in C:\Users\theor\Local Sites\medit2\app\public\wp-config.php on line 34
[04-Mar-2024 14:41:27 UTC] PHP Warning:  Constant DB_USER already defined in C:\Users\theor\Local Sites\medit2\app\public\wp-config.php on line 34
[04-Mar-2024 14:41:27 UTC] PHP Warning:  Undefined array key "WORDPRESS_DB_PASSWORD" in C:\Users\theor\Local Sites\medit2\app\public\wp-config.php on line 37
[04-Mar-2024 14:41:27 UTC] PHP Warning:  Constant DB_PASSWORD already defined in C:\Users\theor\Local Sites\medit2\app\public\wp-config.php on line 37
[04-Mar-2024 14:41:27 UTC] PHP Warning:  Undefined array key "WORDPRESS_DB_HOST" in C:\Users\theor\Local Sites\medit2\app\public\wp-config.php on line 40
[04-Mar-2024 14:41:27 UTC] PHP Warning:  Constant DB_HOST already defined in C:\Users\theor\Local Sites\medit2\app\public\wp-config.php on line 40
[04-Mar-2024 14:41:27 UTC] PHP Warning:  Undefined array key "WORDPRESS_DB_PASSWORD" in C:\Users\theor\Local Sites\medit2\app\public\wp-config.php on line 51
[04-Mar-2024 14:41:27 UTC] PHP Warning:  Undefined array key "WORDPRESS_DB_PASSWORD" in C:\Users\theor\Local Sites\medit2\app\public\wp-config.php on line 51
[04-Mar-2024 14:41:30 UTC] PHP Warning:  Undefined array key "WORDPRESS_DB_NAME" in C:\Users\theor\Local Sites\medit2\app\public\wp-config.php on line 31
[04-Mar-2024 14:41:30 UTC] PHP Warning:  Constant DB_NAME already defined in C:\Users\theor\Local Sites\medit2\app\public\wp-config.php on line 31
[04-Mar-2024 14:41:30 UTC] PHP Warning:  Undefined array key "WORDPRESS_DB_USER" in C:\Users\theor\Local Sites\medit2\app\public\wp-config.php on line 34
[04-Mar-2024 14:41:30 UTC] PHP Warning:  Constant DB_USER already defined in C:\Users\theor\Local Sites\medit2\app\public\wp-config.php on line 34
[04-Mar-2024 14:41:30 UTC] PHP Warning:  Undefined array key "WORDPRESS_DB_PASSWORD" in C:\Users\theor\Local Sites\medit2\app\public\wp-config.php on line 37
[04-Mar-2024 14:41:30 UTC] PHP Warning:  Constant DB_PASSWORD already defined in C:\Users\theor\Local Sites\medit2\app\public\wp-config.php on line 37
[04-Mar-2024 14:41:30 UTC] PHP Warning:  Undefined array key "WORDPRESS_DB_HOST" in C:\Users\theor\Local Sites\medit2\app\public\wp-config.php on line 40
[04-Mar-2024 14:41:30 UTC] PHP Warning:  Constant DB_HOST already defined in C:\Users\theor\Local Sites\medit2\app\public\wp-config.php on line 40
[04-Mar-2024 14:41:30 UTC] PHP Warning:  Undefined array key "WORDPRESS_DB_PASSWORD" in C:\Users\theor\Local Sites\medit2\app\public\wp-config.php on line 51
[04-Mar-2024 14:41:30 UTC] PHP Warning:  Undefined array key "WORDPRESS_DB_PASSWORD" in C:\Users\theor\Local Sites\medit2\app\public\wp-config.php on line 51
[04-Mar-2024 14:41:40 UTC] PHP Warning:  Undefined array key "WORDPRESS_DB_NAME" in C:\Users\theor\Local Sites\medit2\app\public\wp-config.php on line 31
[04-Mar-2024 14:41:40 UTC] PHP Warning:  Constant DB_NAME already defined in C:\Users\theor\Local Sites\medit2\app\public\wp-config.php on line 31
[04-Mar-2024 14:41:40 UTC] PHP Warning:  Undefined array key "WORDPRESS_DB_USER" in C:\Users\theor\Local Sites\medit2\app\public\wp-config.php on line 34
[04-Mar-2024 14:41:40 UTC] PHP Warning:  Constant DB_USER already defined in C:\Users\theor\Local Sites\medit2\app\public\wp-config.php on line 34
[04-Mar-2024 14:41:40 UTC] PHP Warning:  Undefined array key "WORDPRESS_DB_PASSWORD" in C:\Users\theor\Local Sites\medit2\app\public\wp-config.php on line 37
[04-Mar-2024 14:41:40 UTC] PHP Warning:  Constant DB_PASSWORD already defined in C:\Users\theor\Local Sites\medit2\app\public\wp-config.php on line 37
[04-Mar-2024 14:41:40 UTC] PHP Warning:  Undefined array key "WORDPRESS_DB_HOST" in C:\Users\theor\Local Sites\medit2\app\public\wp-config.php on line 40
[04-Mar-2024 14:41:40 UTC] PHP Warning:  Constant DB_HOST already defined in C:\Users\theor\Local Sites\medit2\app\public\wp-config.php on line 40
[04-Mar-2024 14:41:40 UTC] PHP Warning:  Undefined array key "WORDPRESS_DB_PASSWORD" in C:\Users\theor\Local Sites\medit2\app\public\wp-config.php on line 51
[04-Mar-2024 14:41:40 UTC] PHP Warning:  Undefined array key "WORDPRESS_DB_PASSWORD" in C:\Users\theor\Local Sites\medit2\app\public\wp-config.php on line 51
[04-Mar-2024 14:41:51 UTC] PHP Warning:  Undefined array key "WORDPRESS_DB_NAME" in C:\Users\theor\Local Sites\medit2\app\public\wp-config.php on line 31
[04-Mar-2024 14:41:51 UTC] PHP Warning:  Constant DB_NAME already defined in C:\Users\theor\Local Sites\medit2\app\public\wp-config.php on line 31
[04-Mar-2024 14:41:51 UTC] PHP Warning:  Undefined array key "WORDPRESS_DB_USER" in C:\Users\theor\Local Sites\medit2\app\public\wp-config.php on line 34
[04-Mar-2024 14:41:51 UTC] PHP Warning:  Constant DB_USER already defined in C:\Users\theor\Local Sites\medit2\app\public\wp-config.php on line 34
[04-Mar-2024 14:41:51 UTC] PHP Warning:  Undefined array key "WORDPRESS_DB_PASSWORD" in C:\Users\theor\Local Sites\medit2\app\public\wp-config.php on line 37
[04-Mar-2024 14:41:51 UTC] PHP Warning:  Constant DB_PASSWORD already defined in C:\Users\theor\Local Sites\medit2\app\public\wp-config.php on line 37
[04-Mar-2024 14:41:51 UTC] PHP Warning:  Undefined array key "WORDPRESS_DB_HOST" in C:\Users\theor\Local Sites\medit2\app\public\wp-config.php on line 40
[04-Mar-2024 14:41:51 UTC] PHP Warning:  Constant DB_HOST already defined in C:\Users\theor\Local Sites\medit2\app\public\wp-config.php on line 40
[04-Mar-2024 14:41:51 UTC] PHP Warning:  Undefined array key "WORDPRESS_DB_PASSWORD" in C:\Users\theor\Local Sites\medit2\app\public\wp-config.php on line 51
[04-Mar-2024 14:41:51 UTC] PHP Warning:  Undefined array key "WORDPRESS_DB_PASSWORD" in C:\Users\theor\Local Sites\medit2\app\public\wp-config.php on line 51
[04-Mar-2024 14:41:51 UTC] PHP Warning:  Undefined array key "WORDPRESS_DB_NAME" in C:\Users\theor\Local Sites\medit2\app\public\wp-config.php on line 31
[04-Mar-2024 14:41:51 UTC] PHP Warning:  Constant DB_NAME already defined in C:\Users\theor\Local Sites\medit2\app\public\wp-config.php on line 31
[04-Mar-2024 14:41:51 UTC] PHP Warning:  Undefined array key "WORDPRESS_DB_USER" in C:\Users\theor\Local Sites\medit2\app\public\wp-config.php on line 34
[04-Mar-2024 14:41:51 UTC] PHP Warning:  Constant DB_USER already defined in C:\Users\theor\Local Sites\medit2\app\public\wp-config.php on line 34
[04-Mar-2024 14:41:51 UTC] PHP Warning:  Undefined array key "WORDPRESS_DB_PASSWORD" in C:\Users\theor\Local Sites\medit2\app\public\wp-config.php on line 37
[04-Mar-2024 14:41:51 UTC] PHP Warning:  Constant DB_PASSWORD already defined in C:\Users\theor\Local Sites\medit2\app\public\wp-config.php on line 37
[04-Mar-2024 14:41:51 UTC] PHP Warning:  Undefined array key "WORDPRESS_DB_HOST" in C:\Users\theor\Local Sites\medit2\app\public\wp-config.php on line 40
[04-Mar-2024 14:41:51 UTC] PHP Warning:  Constant DB_HOST already defined in C:\Users\theor\Local Sites\medit2\app\public\wp-config.php on line 40
[04-Mar-2024 14:41:51 UTC] PHP Warning:  Undefined array key "WORDPRESS_DB_PASSWORD" in C:\Users\theor\Local Sites\medit2\app\public\wp-config.php on line 51
[04-Mar-2024 14:41:51 UTC] PHP Warning:  Undefined array key "WORDPRESS_DB_PASSWORD" in C:\Users\theor\Local Sites\medit2\app\public\wp-config.php on line 51
[04-Mar-2024 14:41:51 UTC] PHP Warning:  Undefined array key "WORDPRESS_DB_NAME" in C:\Users\theor\Local Sites\medit2\app\public\wp-config.php on line 31
[04-Mar-2024 14:41:51 UTC] PHP Warning:  Constant DB_NAME already defined in C:\Users\theor\Local Sites\medit2\app\public\wp-config.php on line 31
[04-Mar-2024 14:41:51 UTC] PHP Warning:  Undefined array key "WORDPRESS_DB_USER" in C:\Users\theor\Local Sites\medit2\app\public\wp-config.php on line 34
[04-Mar-2024 14:41:51 UTC] PHP Warning:  Constant DB_USER already defined in C:\Users\theor\Local Sites\medit2\app\public\wp-config.php on line 34
[04-Mar-2024 14:41:51 UTC] PHP Warning:  Undefined array key "WORDPRESS_DB_PASSWORD" in C:\Users\theor\Local Sites\medit2\app\public\wp-config.php on line 37
[04-Mar-2024 14:41:51 UTC] PHP Warning:  Constant DB_PASSWORD already defined in C:\Users\theor\Local Sites\medit2\app\public\wp-config.php on line 37
[04-Mar-2024 14:41:51 UTC] PHP Warning:  Undefined array key "WORDPRESS_DB_HOST" in C:\Users\theor\Local Sites\medit2\app\public\wp-config.php on line 40
[04-Mar-2024 14:41:51 UTC] PHP Warning:  Constant DB_HOST already defined in C:\Users\theor\Local Sites\medit2\app\public\wp-config.php on line 40
[04-Mar-2024 14:41:51 UTC] PHP Warning:  Undefined array key "WORDPRESS_DB_PASSWORD" in C:\Users\theor\Local Sites\medit2\app\public\wp-config.php on line 51
[04-Mar-2024 14:41:51 UTC] PHP Warning:  Undefined array key "WORDPRESS_DB_PASSWORD" in C:\Users\theor\Local Sites\medit2\app\public\wp-config.php on line 51
[04-Mar-2024 14:42:22 UTC] PHP Warning:  Undefined array key "WORDPRESS_DB_NAME" in C:\Users\theor\Local Sites\medit2\app\public\wp-config.php on line 31
[04-Mar-2024 14:42:22 UTC] PHP Warning:  Constant DB_NAME already defined in C:\Users\theor\Local Sites\medit2\app\public\wp-config.php on line 31
[04-Mar-2024 14:42:22 UTC] PHP Warning:  Undefined array key "WORDPRESS_DB_USER" in C:\Users\theor\Local Sites\medit2\app\public\wp-config.php on line 34
[04-Mar-2024 14:42:22 UTC] PHP Warning:  Constant DB_USER already defined in C:\Users\theor\Local Sites\medit2\app\public\wp-config.php on line 34
[04-Mar-2024 14:42:22 UTC] PHP Warning:  Undefined array key "WORDPRESS_DB_PASSWORD" in C:\Users\theor\Local Sites\medit2\app\public\wp-config.php on line 37
[04-Mar-2024 14:42:22 UTC] PHP Warning:  Constant DB_PASSWORD already defined in C:\Users\theor\Local Sites\medit2\app\public\wp-config.php on line 37
[04-Mar-2024 14:42:22 UTC] PHP Warning:  Undefined array key "WORDPRESS_DB_HOST" in C:\Users\theor\Local Sites\medit2\app\public\wp-config.php on line 40
[04-Mar-2024 14:42:22 UTC] PHP Warning:  Constant DB_HOST already defined in C:\Users\theor\Local Sites\medit2\app\public\wp-config.php on line 40
[04-Mar-2024 14:42:22 UTC] PHP Warning:  Undefined array key "WORDPRESS_DB_PASSWORD" in C:\Users\theor\Local Sites\medit2\app\public\wp-config.php on line 51
[04-Mar-2024 14:42:22 UTC] PHP Warning:  Undefined array key "WORDPRESS_DB_PASSWORD" in C:\Users\theor\Local Sites\medit2\app\public\wp-config.php on line 51
[04-Mar-2024 14:42:22 UTC] PHP Warning:  Undefined array key "WORDPRESS_DB_NAME" in C:\Users\theor\Local Sites\medit2\app\public\wp-config.php on line 31
[04-Mar-2024 14:42:22 UTC] PHP Warning:  Constant DB_NAME already defined in C:\Users\theor\Local Sites\medit2\app\public\wp-config.php on line 31
[04-Mar-2024 14:42:22 UTC] PHP Warning:  Undefined array key "WORDPRESS_DB_USER" in C:\Users\theor\Local Sites\medit2\app\public\wp-config.php on line 34
[04-Mar-2024 14:42:22 UTC] PHP Warning:  Constant DB_USER already defined in C:\Users\theor\Local Sites\medit2\app\public\wp-config.php on line 34
[04-Mar-2024 14:42:22 UTC] PHP Warning:  Undefined array key "WORDPRESS_DB_PASSWORD" in C:\Users\theor\Local Sites\medit2\app\public\wp-config.php on line 37
[04-Mar-2024 14:42:22 UTC] PHP Warning:  Constant DB_PASSWORD already defined in C:\Users\theor\Local Sites\medit2\app\public\wp-config.php on line 37
[04-Mar-2024 14:42:22 UTC] PHP Warning:  Undefined array key "WORDPRESS_DB_HOST" in C:\Users\theor\Local Sites\medit2\app\public\wp-config.php on line 40
[04-Mar-2024 14:42:22 UTC] PHP Warning:  Constant DB_HOST already defined in C:\Users\theor\Local Sites\medit2\app\public\wp-config.php on line 40
[04-Mar-2024 14:42:22 UTC] PHP Warning:  Undefined array key "WORDPRESS_DB_PASSWORD" in C:\Users\theor\Local Sites\medit2\app\public\wp-config.php on line 51
[04-Mar-2024 14:42:22 UTC] PHP Warning:  Undefined array key "WORDPRESS_DB_PASSWORD" in C:\Users\theor\Local Sites\medit2\app\public\wp-config.php on line 51
[04-Mar-2024 14:42:22 UTC] PHP Warning:  Undefined array key "WORDPRESS_DB_NAME" in C:\Users\theor\Local Sites\medit2\app\public\wp-config.php on line 31
[04-Mar-2024 14:42:22 UTC] PHP Warning:  Constant DB_NAME already defined in C:\Users\theor\Local Sites\medit2\app\public\wp-config.php on line 31
[04-Mar-2024 14:42:22 UTC] PHP Warning:  Undefined array key "WORDPRESS_DB_USER" in C:\Users\theor\Local Sites\medit2\app\public\wp-config.php on line 34
[04-Mar-2024 14:42:22 UTC] PHP Warning:  Constant DB_USER already defined in C:\Users\theor\Local Sites\medit2\app\public\wp-config.php on line 34
[04-Mar-2024 14:42:22 UTC] PHP Warning:  Undefined array key "WORDPRESS_DB_PASSWORD" in C:\Users\theor\Local Sites\medit2\app\public\wp-config.php on line 37
[04-Mar-2024 14:42:22 UTC] PHP Warning:  Constant DB_PASSWORD already defined in C:\Users\theor\Local Sites\medit2\app\public\wp-config.php on line 37
[04-Mar-2024 14:42:22 UTC] PHP Warning:  Undefined array key "WORDPRESS_DB_HOST" in C:\Users\theor\Local Sites\medit2\app\public\wp-config.php on line 40
[04-Mar-2024 14:42:22 UTC] PHP Warning:  Constant DB_HOST already defined in C:\Users\theor\Local Sites\medit2\app\public\wp-config.php on line 40
[04-Mar-2024 14:42:23 UTC] PHP Warning:  Undefined array key "WORDPRESS_DB_PASSWORD" in C:\Users\theor\Local Sites\medit2\app\public\wp-config.php on line 51
[04-Mar-2024 14:42:23 UTC] PHP Warning:  Undefined array key "WORDPRESS_DB_PASSWORD" in C:\Users\theor\Local Sites\medit2\app\public\wp-config.php on line 51
[04-Mar-2024 14:42:23 UTC] PHP Warning:  Undefined array key "WORDPRESS_DB_NAME" in C:\Users\theor\Local Sites\medit2\app\public\wp-config.php on line 31
[04-Mar-2024 14:42:23 UTC] PHP Warning:  Constant DB_NAME already defined in C:\Users\theor\Local Sites\medit2\app\public\wp-config.php on line 31
[04-Mar-2024 14:42:23 UTC] PHP Warning:  Undefined array key "WORDPRESS_DB_USER" in C:\Users\theor\Local Sites\medit2\app\public\wp-config.php on line 34
[04-Mar-2024 14:42:23 UTC] PHP Warning:  Constant DB_USER already defined in C:\Users\theor\Local Sites\medit2\app\public\wp-config.php on line 34
[04-Mar-2024 14:42:23 UTC] PHP Warning:  Undefined array key "WORDPRESS_DB_PASSWORD" in C:\Users\theor\Local Sites\medit2\app\public\wp-config.php on line 37
[04-Mar-2024 14:42:23 UTC] PHP Warning:  Constant DB_PASSWORD already defined in C:\Users\theor\Local Sites\medit2\app\public\wp-config.php on line 37
[04-Mar-2024 14:42:23 UTC] PHP Warning:  Undefined array key "WORDPRESS_DB_HOST" in C:\Users\theor\Local Sites\medit2\app\public\wp-config.php on line 40
[04-Mar-2024 14:42:23 UTC] PHP Warning:  Constant DB_HOST already defined in C:\Users\theor\Local Sites\medit2\app\public\wp-config.php on line 40
[04-Mar-2024 14:42:23 UTC] PHP Warning:  Undefined array key "WORDPRESS_DB_PASSWORD" in C:\Users\theor\Local Sites\medit2\app\public\wp-config.php on line 51
[04-Mar-2024 14:42:23 UTC] PHP Warning:  Undefined array key "WORDPRESS_DB_PASSWORD" in C:\Users\theor\Local Sites\medit2\app\public\wp-config.php on line 51
[04-Mar-2024 14:42:25 UTC] PHP Warning:  Undefined array key "WORDPRESS_DB_NAME" in C:\Users\theor\Local Sites\medit2\app\public\wp-config.php on line 31
[04-Mar-2024 14:42:25 UTC] PHP Warning:  Constant DB_NAME already defined in C:\Users\theor\Local Sites\medit2\app\public\wp-config.php on line 31
[04-Mar-2024 14:42:25 UTC] PHP Warning:  Undefined array key "WORDPRESS_DB_USER" in C:\Users\theor\Local Sites\medit2\app\public\wp-config.php on line 34
[04-Mar-2024 14:42:25 UTC] PHP Warning:  Constant DB_USER already defined in C:\Users\theor\Local Sites\medit2\app\public\wp-config.php on line 34
[04-Mar-2024 14:42:25 UTC] PHP Warning:  Undefined array key "WORDPRESS_DB_PASSWORD" in C:\Users\theor\Local Sites\medit2\app\public\wp-config.php on line 37
[04-Mar-2024 14:42:25 UTC] PHP Warning:  Constant DB_PASSWORD already defined in C:\Users\theor\Local Sites\medit2\app\public\wp-config.php on line 37
[04-Mar-2024 14:42:25 UTC] PHP Warning:  Undefined array key "WORDPRESS_DB_HOST" in C:\Users\theor\Local Sites\medit2\app\public\wp-config.php on line 40
[04-Mar-2024 14:42:25 UTC] PHP Warning:  Constant DB_HOST already defined in C:\Users\theor\Local Sites\medit2\app\public\wp-config.php on line 40
[04-Mar-2024 14:42:25 UTC] PHP Warning:  Undefined array key "WORDPRESS_DB_PASSWORD" in C:\Users\theor\Local Sites\medit2\app\public\wp-config.php on line 51
[04-Mar-2024 14:42:25 UTC] PHP Warning:  Undefined array key "WORDPRESS_DB_PASSWORD" in C:\Users\theor\Local Sites\medit2\app\public\wp-config.php on line 51
[04-Mar-2024 14:47:04 UTC] PHP Warning:  Undefined array key "WORDPRESS_DB_PASSWORD" in C:\Users\theor\Local Sites\medit2\app\public\wp-config.php on line 51
[04-Mar-2024 14:47:04 UTC] PHP Warning:  Undefined array key "WORDPRESS_DB_PASSWORD" in C:\Users\theor\Local Sites\medit2\app\public\wp-config.php on line 51
[04-Mar-2024 14:47:05 UTC] PHP Warning:  Undefined array key "WORDPRESS_DB_PASSWORD" in C:\Users\theor\Local Sites\medit2\app\public\wp-config.php on line 51
[04-Mar-2024 14:47:05 UTC] PHP Warning:  Undefined array key "WORDPRESS_DB_PASSWORD" in C:\Users\theor\Local Sites\medit2\app\public\wp-config.php on line 51
[04-Mar-2024 14:47:05 UTC] PHP Warning:  Undefined array key "WORDPRESS_DB_PASSWORD" in C:\Users\theor\Local Sites\medit2\app\public\wp-config.php on line 51
[04-Mar-2024 14:47:05 UTC] PHP Warning:  Undefined array key "WORDPRESS_DB_PASSWORD" in C:\Users\theor\Local Sites\medit2\app\public\wp-config.php on line 51
[04-Mar-2024 15:36:49 UTC] PHP Warning:  Failed loading Zend extension 'php_opcache.dll' (tried: C:/Users/theor/AppData/Roaming/Local/lightning-services/php-8.1.23+0/bin/win64/ext\php_opcache.dll (La procédure spécifiée est introuvable), C:/Users/theor/AppData/Roaming/Local/lightning-services/php-8.1.23+0/bin/win64/ext\php_php_opcache.dll.dll (Le module spécifié est introuvable)) in Unknown on line 0
[04-Mar-2024 15:36:49 UTC] PHP Warning:  Failed loading Zend extension 'php_xdebug.dll' (tried: C:/Users/theor/AppData/Roaming/Local/lightning-services/php-8.1.23+0/bin/win64/ext\php_xdebug.dll (La procédure spécifiée est introuvable), C:/Users/theor/AppData/Roaming/Local/lightning-services/php-8.1.23+0/bin/win64/ext\php_php_xdebug.dll.dll (Le module spécifié est introuvable)) in Unknown on line 0
[04-Mar-2024 15:36:49 UTC] PHP Warning:  PHP Startup: Unable to load dynamic library 'php_curl.dll' (tried: C:/Users/theor/AppData/Roaming/Local/lightning-services/php-8.1.23+0/bin/win64/ext\php_curl.dll (Le module spécifié est introuvable), C:/Users/theor/AppData/Roaming/Local/lightning-services/php-8.1.23+0/bin/win64/ext\php_php_curl.dll.dll (Le module spécifié est introuvable)) in Unknown on line 0
[04-Mar-2024 15:36:49 UTC] PHP Warning:  PHP Startup: gettext: Unable to initialize module
Module compiled with module API=20210902
PHP    compiled with module API=20230831
These options need to match
 in Unknown on line 0
[04-Mar-2024 15:36:49 UTC] PHP Warning:  PHP Startup: Unable to load dynamic library 'php_openssl.dll' (tried: C:/Users/theor/AppData/Roaming/Local/lightning-services/php-8.1.23+0/bin/win64/ext\php_openssl.dll (Le module spécifié est introuvable), C:/Users/theor/AppData/Roaming/Local/lightning-services/php-8.1.23+0/bin/win64/ext\php_php_openssl.dll.dll (Le module spécifié est introuvable)) in Unknown on line 0
[04-Mar-2024 15:36:49 UTC] PHP Warning:  PHP Startup: exif: Unable to initialize module
Module compiled with module API=20210902
PHP    compiled with module API=20230831
These options need to match
 in Unknown on line 0
[04-Mar-2024 15:36:49 UTC] PHP Warning:  PHP Startup: gd: Unable to initialize module
Module compiled with module API=20210902
PHP    compiled with module API=20230831
These options need to match
 in Unknown on line 0
[04-Mar-2024 15:36:49 UTC] PHP Warning:  PHP Startup: Unable to load dynamic library 'php_ftp.dll' (tried: C:/Users/theor/AppData/Roaming/Local/lightning-services/php-8.1.23+0/bin/win64/ext\php_ftp.dll (Le module spécifié est introuvable), C:/Users/theor/AppData/Roaming/Local/lightning-services/php-8.1.23+0/bin/win64/ext\php_php_ftp.dll.dll (Le module spécifié est introuvable)) in Unknown on line 0
[04-Mar-2024 15:36:49 UTC] PHP Warning:  PHP Startup: FFI: Unable to initialize module
Module compiled with module API=20210902
PHP    compiled with module API=20230831
These options need to match
 in Unknown on line 0
[04-Mar-2024 15:36:49 UTC] PHP Warning:  PHP Startup: imap: Unable to initialize module
Module compiled with module API=20210902
PHP    compiled with module API=20230831
These options need to match
 in Unknown on line 0
[04-Mar-2024 15:36:49 UTC] PHP Warning:  PHP Startup: bz2: Unable to initialize module
Module compiled with module API=20210902
PHP    compiled with module API=20230831
These options need to match
 in Unknown on line 0
[04-Mar-2024 15:36:49 UTC] PHP Warning:  PHP Startup: mbstring: Unable to initialize module
Module compiled with module API=20210902
PHP    compiled with module API=20230831
These options need to match
 in Unknown on line 0
[04-Mar-2024 15:36:49 UTC] PHP Warning:  PHP Startup: sodium: Unable to initialize module
Module compiled with module API=20210902
PHP    compiled with module API=20230831
These options need to match
 in Unknown on line 0
[04-Mar-2024 15:36:49 UTC] PHP Warning:  PHP Startup: tidy: Unable to initialize module
Module compiled with module API=20210902
PHP    compiled with module API=20230831
These options need to match
 in Unknown on line 0
[04-Mar-2024 15:36:49 UTC] PHP Warning:  PHP Startup: xsl: Unable to initialize module
Module compiled with module API=20210902
PHP    compiled with module API=20230831
These options need to match
 in Unknown on line 0
[04-Mar-2024 15:36:49 UTC] PHP Warning:  PHP Startup: soap: Unable to initialize module
Module compiled with module API=20210902
PHP    compiled with module API=20230831
These options need to match
 in Unknown on line 0
[04-Mar-2024 15:36:49 UTC] PHP Warning:  PHP Startup: mysqli: Unable to initialize module
Module compiled with module API=20210902
PHP    compiled with module API=20230831
These options need to match
 in Unknown on line 0
[04-Mar-2024 15:36:49 UTC] PHP Warning:  PHP Startup: pdo_mysql: Unable to initialize module
Module compiled with module API=20210902
PHP    compiled with module API=20230831
These options need to match
 in Unknown on line 0
[04-Mar-2024 15:36:49 UTC] PHP Warning:  PHP Startup: fileinfo: Unable to initialize module
Module compiled with module API=20210902
PHP    compiled with module API=20230831
These options need to match
 in Unknown on line 0
[04-Mar-2024 15:36:49 UTC] PHP Warning:  PHP Startup: pdo_sqlite: Unable to initialize module
Module compiled with module API=20210902
PHP    compiled with module API=20230831
These options need to match
 in Unknown on line 0
[04-Mar-2024 15:36:49 UTC] PHP Warning:  PHP Startup: sqlite3: Unable to initialize module
Module compiled with module API=20210902
PHP    compiled with module API=20230831
These options need to match
 in Unknown on line 0
[04-Mar-2024 15:36:49 UTC] PHP Warning:  PHP Startup: Unable to load dynamic library 'php_imagick.dll' (tried: C:/Users/theor/AppData/Roaming/Local/lightning-services/php-8.1.23+0/bin/win64/ext\php_imagick.dll (Le module spécifié est introuvable), C:/Users/theor/AppData/Roaming/Local/lightning-services/php-8.1.23+0/bin/win64/ext\php_php_imagick.dll.dll (Le module spécifié est introuvable)) in Unknown on line 0
[04-Mar-2024 15:36:49 UTC] PHP Warning:  PHP Startup: Unable to load dynamic library 'php_intl.dll' (tried: C:/Users/theor/AppData/Roaming/Local/lightning-services/php-8.1.23+0/bin/win64/ext\php_intl.dll (Le module spécifié est introuvable), C:/Users/theor/AppData/Roaming/Local/lightning-services/php-8.1.23+0/bin/win64/ext\php_php_intl.dll.dll (Le module spécifié est introuvable)) in Unknown on line 0
[04-Mar-2024 15:36:50 UTC] PHP Warning:  Failed loading Zend extension 'php_opcache.dll' (tried: C:/Users/theor/AppData/Roaming/Local/lightning-services/php-8.1.23+0/bin/win64/ext\php_opcache.dll (La procédure spécifiée est introuvable), C:/Users/theor/AppData/Roaming/Local/lightning-services/php-8.1.23+0/bin/win64/ext\php_php_opcache.dll.dll (Le module spécifié est introuvable)) in Unknown on line 0
[04-Mar-2024 15:36:50 UTC] PHP Warning:  Failed loading Zend extension 'php_xdebug.dll' (tried: C:/Users/theor/AppData/Roaming/Local/lightning-services/php-8.1.23+0/bin/win64/ext\php_xdebug.dll (La procédure spécifiée est introuvable), C:/Users/theor/AppData/Roaming/Local/lightning-services/php-8.1.23+0/bin/win64/ext\php_php_xdebug.dll.dll (Le module spécifié est introuvable)) in Unknown on line 0
[04-Mar-2024 15:36:50 UTC] PHP Warning:  PHP Startup: Unable to load dynamic library 'php_curl.dll' (tried: C:/Users/theor/AppData/Roaming/Local/lightning-services/php-8.1.23+0/bin/win64/ext\php_curl.dll (Le module spécifié est introuvable), C:/Users/theor/AppData/Roaming/Local/lightning-services/php-8.1.23+0/bin/win64/ext\php_php_curl.dll.dll (Le module spécifié est introuvable)) in Unknown on line 0
[04-Mar-2024 15:36:50 UTC] PHP Warning:  PHP Startup: gettext: Unable to initialize module
Module compiled with module API=20210902
PHP    compiled with module API=20230831
These options need to match
 in Unknown on line 0
[04-Mar-2024 15:36:50 UTC] PHP Warning:  PHP Startup: Unable to load dynamic library 'php_openssl.dll' (tried: C:/Users/theor/AppData/Roaming/Local/lightning-services/php-8.1.23+0/bin/win64/ext\php_openssl.dll (Le module spécifié est introuvable), C:/Users/theor/AppData/Roaming/Local/lightning-services/php-8.1.23+0/bin/win64/ext\php_php_openssl.dll.dll (Le module spécifié est introuvable)) in Unknown on line 0
[04-Mar-2024 15:36:50 UTC] PHP Warning:  PHP Startup: exif: Unable to initialize module
Module compiled with module API=20210902
PHP    compiled with module API=20230831
These options need to match
 in Unknown on line 0
[04-Mar-2024 15:36:50 UTC] PHP Warning:  PHP Startup: gd: Unable to initialize module
Module compiled with module API=20210902
PHP    compiled with module API=20230831
These options need to match
 in Unknown on line 0
[04-Mar-2024 15:36:50 UTC] PHP Warning:  PHP Startup: Unable to load dynamic library 'php_ftp.dll' (tried: C:/Users/theor/AppData/Roaming/Local/lightning-services/php-8.1.23+0/bin/win64/ext\php_ftp.dll (Le module spécifié est introuvable), C:/Users/theor/AppData/Roaming/Local/lightning-services/php-8.1.23+0/bin/win64/ext\php_php_ftp.dll.dll (Le module spécifié est introuvable)) in Unknown on line 0
[04-Mar-2024 15:36:50 UTC] PHP Warning:  PHP Startup: FFI: Unable to initialize module
Module compiled with module API=20210902
PHP    compiled with module API=20230831
These options need to match
 in Unknown on line 0
[04-Mar-2024 15:36:50 UTC] PHP Warning:  PHP Startup: imap: Unable to initialize module
Module compiled with module API=20210902
PHP    compiled with module API=20230831
These options need to match
 in Unknown on line 0
[04-Mar-2024 15:36:50 UTC] PHP Warning:  PHP Startup: bz2: Unable to initialize module
Module compiled with module API=20210902
PHP    compiled with module API=20230831
These options need to match
 in Unknown on line 0
[04-Mar-2024 15:36:50 UTC] PHP Warning:  PHP Startup: mbstring: Unable to initialize module
Module compiled with module API=20210902
PHP    compiled with module API=20230831
These options need to match
 in Unknown on line 0
[04-Mar-2024 15:36:50 UTC] PHP Warning:  PHP Startup: sodium: Unable to initialize module
Module compiled with module API=20210902
PHP    compiled with module API=20230831
These options need to match
 in Unknown on line 0
[04-Mar-2024 15:36:50 UTC] PHP Warning:  PHP Startup: tidy: Unable to initialize module
Module compiled with module API=20210902
PHP    compiled with module API=20230831
These options need to match
 in Unknown on line 0
[04-Mar-2024 15:36:50 UTC] PHP Warning:  PHP Startup: xsl: Unable to initialize module
Module compiled with module API=20210902
PHP    compiled with module API=20230831
These options need to match
 in Unknown on line 0
[04-Mar-2024 15:36:50 UTC] PHP Warning:  PHP Startup: soap: Unable to initialize module
Module compiled with module API=20210902
PHP    compiled with module API=20230831
These options need to match
 in Unknown on line 0
[04-Mar-2024 15:36:50 UTC] PHP Warning:  PHP Startup: mysqli: Unable to initialize module
Module compiled with module API=20210902
PHP    compiled with module API=20230831
These options need to match
 in Unknown on line 0
[04-Mar-2024 15:36:50 UTC] PHP Warning:  PHP Startup: pdo_mysql: Unable to initialize module
Module compiled with module API=20210902
PHP    compiled with module API=20230831
These options need to match
 in Unknown on line 0
[04-Mar-2024 15:36:50 UTC] PHP Warning:  PHP Startup: fileinfo: Unable to initialize module
Module compiled with module API=20210902
PHP    compiled with module API=20230831
These options need to match
 in Unknown on line 0
[04-Mar-2024 15:36:50 UTC] PHP Warning:  PHP Startup: pdo_sqlite: Unable to initialize module
Module compiled with module API=20210902
PHP    compiled with module API=20230831
These options need to match
 in Unknown on line 0
[04-Mar-2024 15:36:50 UTC] PHP Warning:  PHP Startup: sqlite3: Unable to initialize module
Module compiled with module API=20210902
PHP    compiled with module API=20230831
These options need to match
 in Unknown on line 0
[04-Mar-2024 15:36:50 UTC] PHP Warning:  PHP Startup: Unable to load dynamic library 'php_imagick.dll' (tried: C:/Users/theor/AppData/Roaming/Local/lightning-services/php-8.1.23+0/bin/win64/ext\php_imagick.dll (Le module spécifié est introuvable), C:/Users/theor/AppData/Roaming/Local/lightning-services/php-8.1.23+0/bin/win64/ext\php_php_imagick.dll.dll (Le module spécifié est introuvable)) in Unknown on line 0
[04-Mar-2024 15:36:50 UTC] PHP Warning:  PHP Startup: Unable to load dynamic library 'php_intl.dll' (tried: C:/Users/theor/AppData/Roaming/Local/lightning-services/php-8.1.23+0/bin/win64/ext\php_intl.dll (Le module spécifié est introuvable), C:/Users/theor/AppData/Roaming/Local/lightning-services/php-8.1.23+0/bin/win64/ext\php_php_intl.dll.dll (Le module spécifié est introuvable)) in Unknown on line 0
[04-Mar-2024 15:37:59 UTC] PHP Warning:  Failed loading Zend extension 'php_opcache.dll' (tried: C:/Users/theor/AppData/Roaming/Local/lightning-services/php-8.2.10+1/bin/win64/ext\php_opcache.dll (La procédure spécifiée est introuvable), C:/Users/theor/AppData/Roaming/Local/lightning-services/php-8.2.10+1/bin/win64/ext\php_php_opcache.dll.dll (Le module spécifié est introuvable)) in Unknown on line 0
[04-Mar-2024 15:37:59 UTC] PHP Warning:  Failed loading Zend extension 'php_xdebug.dll' (tried: C:/Users/theor/AppData/Roaming/Local/lightning-services/php-8.2.10+1/bin/win64/ext\php_xdebug.dll (La procédure spécifiée est introuvable), C:/Users/theor/AppData/Roaming/Local/lightning-services/php-8.2.10+1/bin/win64/ext\php_php_xdebug.dll.dll (Le module spécifié est introuvable)) in Unknown on line 0
[04-Mar-2024 15:37:59 UTC] PHP Warning:  PHP Startup: Unable to load dynamic library 'php_curl.dll' (tried: C:/Users/theor/AppData/Roaming/Local/lightning-services/php-8.2.10+1/bin/win64/ext\php_curl.dll (Le module spécifié est introuvable), C:/Users/theor/AppData/Roaming/Local/lightning-services/php-8.2.10+1/bin/win64/ext\php_php_curl.dll.dll (Le module spécifié est introuvable)) in Unknown on line 0
[04-Mar-2024 15:37:59 UTC] PHP Warning:  PHP Startup: gettext: Unable to initialize module
Module compiled with module API=20220829
PHP    compiled with module API=20210902
These options need to match
 in Unknown on line 0
[04-Mar-2024 15:37:59 UTC] PHP Warning:  PHP Startup: Unable to load dynamic library 'php_openssl.dll' (tried: C:/Users/theor/AppData/Roaming/Local/lightning-services/php-8.2.10+1/bin/win64/ext\php_openssl.dll (Le module spécifié est introuvable), C:/Users/theor/AppData/Roaming/Local/lightning-services/php-8.2.10+1/bin/win64/ext\php_php_openssl.dll.dll (Le module spécifié est introuvable)) in Unknown on line 0
[04-Mar-2024 15:37:59 UTC] PHP Warning:  PHP Startup: exif: Unable to initialize module
Module compiled with module API=20220829
PHP    compiled with module API=20210902
These options need to match
 in Unknown on line 0
[04-Mar-2024 15:37:59 UTC] PHP Warning:  PHP Startup: Unable to load dynamic library 'php_gd.dll' (tried: C:/Users/theor/AppData/Roaming/Local/lightning-services/php-8.2.10+1/bin/win64/ext\php_gd.dll (La procédure spécifiée est introuvable), C:/Users/theor/AppData/Roaming/Local/lightning-services/php-8.2.10+1/bin/win64/ext\php_php_gd.dll.dll (Le module spécifié est introuvable)) in Unknown on line 0
[04-Mar-2024 15:37:59 UTC] PHP Warning:  PHP Startup: Unable to load dynamic library 'php_ftp.dll' (tried: C:/Users/theor/AppData/Roaming/Local/lightning-services/php-8.2.10+1/bin/win64/ext\php_ftp.dll (Le module spécifié est introuvable), C:/Users/theor/AppData/Roaming/Local/lightning-services/php-8.2.10+1/bin/win64/ext\php_php_ftp.dll.dll (Le module spécifié est introuvable)) in Unknown on line 0
[04-Mar-2024 15:37:59 UTC] PHP Warning:  PHP Startup: FFI: Unable to initialize module
Module compiled with module API=20220829
PHP    compiled with module API=20210902
These options need to match
 in Unknown on line 0
[04-Mar-2024 15:38:00 UTC] PHP Warning:  PHP Startup: imap: Unable to initialize module
Module compiled with module API=20220829
PHP    compiled with module API=20210902
These options need to match
 in Unknown on line 0
[04-Mar-2024 15:38:00 UTC] PHP Warning:  PHP Startup: bz2: Unable to initialize module
Module compiled with module API=20220829
PHP    compiled with module API=20210902
These options need to match
 in Unknown on line 0
[04-Mar-2024 15:38:00 UTC] PHP Warning:  PHP Startup: mbstring: Unable to initialize module
Module compiled with module API=20220829
PHP    compiled with module API=20210902
These options need to match
 in Unknown on line 0
[04-Mar-2024 15:38:00 UTC] PHP Warning:  PHP Startup: sodium: Unable to initialize module
Module compiled with module API=20220829
PHP    compiled with module API=20210902
These options need to match
 in Unknown on line 0
[04-Mar-2024 15:38:00 UTC] PHP Warning:  PHP Startup: tidy: Unable to initialize module
Module compiled with module API=20220829
PHP    compiled with module API=20210902
These options need to match
 in Unknown on line 0
[04-Mar-2024 15:38:00 UTC] PHP Warning:  PHP Startup: xsl: Unable to initialize module
Module compiled with module API=20220829
PHP    compiled with module API=20210902
These options need to match
 in Unknown on line 0
[04-Mar-2024 15:38:00 UTC] PHP Warning:  PHP Startup: soap: Unable to initialize module
Module compiled with module API=20220829
PHP    compiled with module API=20210902
These options need to match
 in Unknown on line 0
[04-Mar-2024 15:38:00 UTC] PHP Warning:  PHP Startup: mysqli: Unable to initialize module
Module compiled with module API=20220829
PHP    compiled with module API=20210902
These options need to match
 in Unknown on line 0
[04-Mar-2024 15:38:00 UTC] PHP Warning:  PHP Startup: Unable to load dynamic library 'php_pdo_mysql.dll' (tried: C:/Users/theor/AppData/Roaming/Local/lightning-services/php-8.2.10+1/bin/win64/ext\php_pdo_mysql.dll (La procédure spécifiée est introuvable), C:/Users/theor/AppData/Roaming/Local/lightning-services/php-8.2.10+1/bin/win64/ext\php_php_pdo_mysql.dll.dll (Le module spécifié est introuvable)) in Unknown on line 0
[04-Mar-2024 15:38:00 UTC] PHP Warning:  PHP Startup: fileinfo: Unable to initialize module
Module compiled with module API=20220829
PHP    compiled with module API=20210902
These options need to match
 in Unknown on line 0
[04-Mar-2024 15:38:00 UTC] PHP Warning:  PHP Startup: Unable to load dynamic library 'php_pdo_sqlite.dll' (tried: C:/Users/theor/AppData/Roaming/Local/lightning-services/php-8.2.10+1/bin/win64/ext\php_pdo_sqlite.dll (La procédure spécifiée est introuvable), C:/Users/theor/AppData/Roaming/Local/lightning-services/php-8.2.10+1/bin/win64/ext\php_php_pdo_sqlite.dll.dll (Le module spécifié est introuvable)) in Unknown on line 0
[04-Mar-2024 15:38:00 UTC] PHP Warning:  PHP Startup: sqlite3: Unable to initialize module
Module compiled with module API=20220829
PHP    compiled with module API=20210902
These options need to match
 in Unknown on line 0
[04-Mar-2024 15:38:00 UTC] PHP Warning:  PHP Startup: zip: Unable to initialize module
Module compiled with module API=20220829
PHP    compiled with module API=20210902
These options need to match
 in Unknown on line 0
[04-Mar-2024 15:38:00 UTC] PHP Warning:  PHP Startup: Unable to load dynamic library 'php_intl.dll' (tried: C:/Users/theor/AppData/Roaming/Local/lightning-services/php-8.2.10+1/bin/win64/ext\php_intl.dll (Le module spécifié est introuvable), C:/Users/theor/AppData/Roaming/Local/lightning-services/php-8.2.10+1/bin/win64/ext\php_php_intl.dll.dll (Le module spécifié est introuvable)) in Unknown on line 0
[04-Mar-2024 15:38:01 UTC] PHP Warning:  Failed loading Zend extension 'php_opcache.dll' (tried: C:/Users/theor/AppData/Roaming/Local/lightning-services/php-8.2.10+1/bin/win64/ext\php_opcache.dll (La procédure spécifiée est introuvable), C:/Users/theor/AppData/Roaming/Local/lightning-services/php-8.2.10+1/bin/win64/ext\php_php_opcache.dll.dll (Le module spécifié est introuvable)) in Unknown on line 0
[04-Mar-2024 15:38:01 UTC] PHP Warning:  Failed loading Zend extension 'php_xdebug.dll' (tried: C:/Users/theor/AppData/Roaming/Local/lightning-services/php-8.2.10+1/bin/win64/ext\php_xdebug.dll (La procédure spécifiée est introuvable), C:/Users/theor/AppData/Roaming/Local/lightning-services/php-8.2.10+1/bin/win64/ext\php_php_xdebug.dll.dll (Le module spécifié est introuvable)) in Unknown on line 0
[04-Mar-2024 15:38:01 UTC] PHP Warning:  PHP Startup: Unable to load dynamic library 'php_curl.dll' (tried: C:/Users/theor/AppData/Roaming/Local/lightning-services/php-8.2.10+1/bin/win64/ext\php_curl.dll (Le module spécifié est introuvable), C:/Users/theor/AppData/Roaming/Local/lightning-services/php-8.2.10+1/bin/win64/ext\php_php_curl.dll.dll (Le module spécifié est introuvable)) in Unknown on line 0
[04-Mar-2024 15:38:01 UTC] PHP Warning:  PHP Startup: gettext: Unable to initialize module
Module compiled with module API=20220829
PHP    compiled with module API=20210902
These options need to match
 in Unknown on line 0
[04-Mar-2024 15:38:01 UTC] PHP Warning:  PHP Startup: Unable to load dynamic library 'php_openssl.dll' (tried: C:/Users/theor/AppData/Roaming/Local/lightning-services/php-8.2.10+1/bin/win64/ext\php_openssl.dll (Le module spécifié est introuvable), C:/Users/theor/AppData/Roaming/Local/lightning-services/php-8.2.10+1/bin/win64/ext\php_php_openssl.dll.dll (Le module spécifié est introuvable)) in Unknown on line 0
[04-Mar-2024 15:38:01 UTC] PHP Warning:  PHP Startup: exif: Unable to initialize module
Module compiled with module API=20220829
PHP    compiled with module API=20210902
These options need to match
 in Unknown on line 0
[04-Mar-2024 15:38:01 UTC] PHP Warning:  PHP Startup: Unable to load dynamic library 'php_gd.dll' (tried: C:/Users/theor/AppData/Roaming/Local/lightning-services/php-8.2.10+1/bin/win64/ext\php_gd.dll (La procédure spécifiée est introuvable), C:/Users/theor/AppData/Roaming/Local/lightning-services/php-8.2.10+1/bin/win64/ext\php_php_gd.dll.dll (Le module spécifié est introuvable)) in Unknown on line 0
[04-Mar-2024 15:38:01 UTC] PHP Warning:  PHP Startup: Unable to load dynamic library 'php_ftp.dll' (tried: C:/Users/theor/AppData/Roaming/Local/lightning-services/php-8.2.10+1/bin/win64/ext\php_ftp.dll (Le module spécifié est introuvable), C:/Users/theor/AppData/Roaming/Local/lightning-services/php-8.2.10+1/bin/win64/ext\php_php_ftp.dll.dll (Le module spécifié est introuvable)) in Unknown on line 0
[04-Mar-2024 15:38:01 UTC] PHP Warning:  PHP Startup: FFI: Unable to initialize module
Module compiled with module API=20220829
PHP    compiled with module API=20210902
These options need to match
 in Unknown on line 0
[04-Mar-2024 15:38:01 UTC] PHP Warning:  PHP Startup: imap: Unable to initialize module
Module compiled with module API=20220829
PHP    compiled with module API=20210902
These options need to match
 in Unknown on line 0
[04-Mar-2024 15:38:01 UTC] PHP Warning:  PHP Startup: bz2: Unable to initialize module
Module compiled with module API=20220829
PHP    compiled with module API=20210902
These options need to match
 in Unknown on line 0
[04-Mar-2024 15:38:01 UTC] PHP Warning:  PHP Startup: mbstring: Unable to initialize module
Module compiled with module API=20220829
PHP    compiled with module API=20210902
These options need to match
 in Unknown on line 0
[04-Mar-2024 15:38:01 UTC] PHP Warning:  PHP Startup: sodium: Unable to initialize module
Module compiled with module API=20220829
PHP    compiled with module API=20210902
These options need to match
 in Unknown on line 0
[04-Mar-2024 15:38:01 UTC] PHP Warning:  PHP Startup: tidy: Unable to initialize module
Module compiled with module API=20220829
PHP    compiled with module API=20210902
These options need to match
 in Unknown on line 0
[04-Mar-2024 15:38:01 UTC] PHP Warning:  PHP Startup: xsl: Unable to initialize module
Module compiled with module API=20220829
PHP    compiled with module API=20210902
These options need to match
 in Unknown on line 0
[04-Mar-2024 15:38:01 UTC] PHP Warning:  PHP Startup: soap: Unable to initialize module
Module compiled with module API=20220829
PHP    compiled with module API=20210902
These options need to match
 in Unknown on line 0
[04-Mar-2024 15:38:01 UTC] PHP Warning:  PHP Startup: mysqli: Unable to initialize module
Module compiled with module API=20220829
PHP    compiled with module API=20210902
These options need to match
 in Unknown on line 0
[04-Mar-2024 15:38:01 UTC] PHP Warning:  PHP Startup: Unable to load dynamic library 'php_pdo_mysql.dll' (tried: C:/Users/theor/AppData/Roaming/Local/lightning-services/php-8.2.10+1/bin/win64/ext\php_pdo_mysql.dll (La procédure spécifiée est introuvable), C:/Users/theor/AppData/Roaming/Local/lightning-services/php-8.2.10+1/bin/win64/ext\php_php_pdo_mysql.dll.dll (Le module spécifié est introuvable)) in Unknown on line 0
[04-Mar-2024 15:38:01 UTC] PHP Warning:  PHP Startup: fileinfo: Unable to initialize module
Module compiled with module API=20220829
PHP    compiled with module API=20210902
These options need to match
 in Unknown on line 0
[04-Mar-2024 15:38:01 UTC] PHP Warning:  PHP Startup: Unable to load dynamic library 'php_pdo_sqlite.dll' (tried: C:/Users/theor/AppData/Roaming/Local/lightning-services/php-8.2.10+1/bin/win64/ext\php_pdo_sqlite.dll (La procédure spécifiée est introuvable), C:/Users/theor/AppData/Roaming/Local/lightning-services/php-8.2.10+1/bin/win64/ext\php_php_pdo_sqlite.dll.dll (Le module spécifié est introuvable)) in Unknown on line 0
[04-Mar-2024 15:38:01 UTC] PHP Warning:  PHP Startup: sqlite3: Unable to initialize module
Module compiled with module API=20220829
PHP    compiled with module API=20210902
These options need to match
 in Unknown on line 0
[04-Mar-2024 15:38:01 UTC] PHP Warning:  PHP Startup: zip: Unable to initialize module
Module compiled with module API=20220829
PHP    compiled with module API=20210902
These options need to match
 in Unknown on line 0
[04-Mar-2024 15:38:01 UTC] PHP Warning:  PHP Startup: Unable to load dynamic library 'php_intl.dll' (tried: C:/Users/theor/AppData/Roaming/Local/lightning-services/php-8.2.10+1/bin/win64/ext\php_intl.dll (Le module spécifié est introuvable), C:/Users/theor/AppData/Roaming/Local/lightning-services/php-8.2.10+1/bin/win64/ext\php_php_intl.dll.dll (Le module spécifié est introuvable)) in Unknown on line 0
[04-Mar-2024 15:38:26 UTC] PHP Warning:  Failed loading Zend extension 'php_opcache.dll' (tried: C:/Users/theor/AppData/Roaming/Local/lightning-services/php-8.1.23+0/bin/win64/ext\php_opcache.dll (Le module spécifié est introuvable.), C:/Users/theor/AppData/Roaming/Local/lightning-services/php-8.1.23+0/bin/win64/ext\php_php_opcache.dll.dll (Le module spécifié est introuvable.)) in Unknown on line 0
[04-Mar-2024 15:38:26 UTC] PHP Warning:  Failed loading Zend extension 'php_xdebug.dll' (tried: C:/Users/theor/AppData/Roaming/Local/lightning-services/php-8.1.23+0/bin/win64/ext\php_xdebug.dll (Le module spécifié est introuvable.), C:/Users/theor/AppData/Roaming/Local/lightning-services/php-8.1.23+0/bin/win64/ext\php_php_xdebug.dll.dll (Le module spécifié est introuvable.)) in Unknown on line 0
[04-Mar-2024 15:38:26 UTC] PHP Warning:  PHP Startup: Unable to load dynamic library 'php_curl.dll' (tried: C:/Users/theor/AppData/Roaming/Local/lightning-services/php-8.1.23+0/bin/win64/ext\php_curl.dll (Le module spécifié est introuvable.), C:/Users/theor/AppData/Roaming/Local/lightning-services/php-8.1.23+0/bin/win64/ext\php_php_curl.dll.dll (Le module spécifié est introuvable.)) in Unknown on line 0
[04-Mar-2024 15:38:26 UTC] PHP Warning:  PHP Startup: Unable to load dynamic library 'php_gettext.dll' (tried: C:/Users/theor/AppData/Roaming/Local/lightning-services/php-8.1.23+0/bin/win64/ext\php_gettext.dll (Le module spécifié est introuvable.), C:/Users/theor/AppData/Roaming/Local/lightning-services/php-8.1.23+0/bin/win64/ext\php_php_gettext.dll.dll (Le module spécifié est introuvable.)) in Unknown on line 0
[04-Mar-2024 15:38:26 UTC] PHP Warning:  PHP Startup: Unable to load dynamic library 'php_openssl.dll' (tried: C:/Users/theor/AppData/Roaming/Local/lightning-services/php-8.1.23+0/bin/win64/ext\php_openssl.dll (Le module spécifié est introuvable.), C:/Users/theor/AppData/Roaming/Local/lightning-services/php-8.1.23+0/bin/win64/ext\php_php_openssl.dll.dll (Le module spécifié est introuvable.)) in Unknown on line 0
[04-Mar-2024 15:38:26 UTC] PHP Warning:  PHP Startup: Unable to load dynamic library 'php_exif.dll' (tried: C:/Users/theor/AppData/Roaming/Local/lightning-services/php-8.1.23+0/bin/win64/ext\php_exif.dll (Le module spécifié est introuvable.), C:/Users/theor/AppData/Roaming/Local/lightning-services/php-8.1.23+0/bin/win64/ext\php_php_exif.dll.dll (Le module spécifié est introuvable.)) in Unknown on line 0
[04-Mar-2024 15:38:26 UTC] PHP Warning:  PHP Startup: Unable to load dynamic library 'php_gd.dll' (tried: C:/Users/theor/AppData/Roaming/Local/lightning-services/php-8.1.23+0/bin/win64/ext\php_gd.dll (Le module spécifié est introuvable.), C:/Users/theor/AppData/Roaming/Local/lightning-services/php-8.1.23+0/bin/win64/ext\php_php_gd.dll.dll (Le module spécifié est introuvable.)) in Unknown on line 0
[04-Mar-2024 15:38:26 UTC] PHP Warning:  PHP Startup: Unable to load dynamic library 'php_ftp.dll' (tried: C:/Users/theor/AppData/Roaming/Local/lightning-services/php-8.1.23+0/bin/win64/ext\php_ftp.dll (Le module spécifié est introuvable.), C:/Users/theor/AppData/Roaming/Local/lightning-services/php-8.1.23+0/bin/win64/ext\php_php_ftp.dll.dll (Le module spécifié est introuvable.)) in Unknown on line 0
[04-Mar-2024 15:38:26 UTC] PHP Warning:  PHP Startup: Unable to load dynamic library 'php_ffi.dll' (tried: C:/Users/theor/AppData/Roaming/Local/lightning-services/php-8.1.23+0/bin/win64/ext\php_ffi.dll (Le module spécifié est introuvable.), C:/Users/theor/AppData/Roaming/Local/lightning-services/php-8.1.23+0/bin/win64/ext\php_php_ffi.dll.dll (Le module spécifié est introuvable.)) in Unknown on line 0
[04-Mar-2024 15:38:26 UTC] PHP Warning:  PHP Startup: Unable to load dynamic library 'php_imap.dll' (tried: C:/Users/theor/AppData/Roaming/Local/lightning-services/php-8.1.23+0/bin/win64/ext\php_imap.dll (Le module spécifié est introuvable.), C:/Users/theor/AppData/Roaming/Local/lightning-services/php-8.1.23+0/bin/win64/ext\php_php_imap.dll.dll (Le module spécifié est introuvable.)) in Unknown on line 0
[04-Mar-2024 15:38:26 UTC] PHP Warning:  PHP Startup: Unable to load dynamic library 'php_bz2.dll' (tried: C:/Users/theor/AppData/Roaming/Local/lightning-services/php-8.1.23+0/bin/win64/ext\php_bz2.dll (Le module spécifié est introuvable.), C:/Users/theor/AppData/Roaming/Local/lightning-services/php-8.1.23+0/bin/win64/ext\php_php_bz2.dll.dll (Le module spécifié est introuvable.)) in Unknown on line 0
[04-Mar-2024 15:38:26 UTC] PHP Warning:  PHP Startup: Unable to load dynamic library 'php_mbstring.dll' (tried: C:/Users/theor/AppData/Roaming/Local/lightning-services/php-8.1.23+0/bin/win64/ext\php_mbstring.dll (Le module spécifié est introuvable.), C:/Users/theor/AppData/Roaming/Local/lightning-services/php-8.1.23+0/bin/win64/ext\php_php_mbstring.dll.dll (Le module spécifié est introuvable.)) in Unknown on line 0
[04-Mar-2024 15:38:26 UTC] PHP Warning:  PHP Startup: Unable to load dynamic library 'php_sodium.dll' (tried: C:/Users/theor/AppData/Roaming/Local/lightning-services/php-8.1.23+0/bin/win64/ext\php_sodium.dll (Le module spécifié est introuvable.), C:/Users/theor/AppData/Roaming/Local/lightning-services/php-8.1.23+0/bin/win64/ext\php_php_sodium.dll.dll (Le module spécifié est introuvable.)) in Unknown on line 0
[04-Mar-2024 15:38:26 UTC] PHP Warning:  PHP Startup: Unable to load dynamic library 'php_tidy.dll' (tried: C:/Users/theor/AppData/Roaming/Local/lightning-services/php-8.1.23+0/bin/win64/ext\php_tidy.dll (Le module spécifié est introuvable.), C:/Users/theor/AppData/Roaming/Local/lightning-services/php-8.1.23+0/bin/win64/ext\php_php_tidy.dll.dll (Le module spécifié est introuvable.)) in Unknown on line 0
[04-Mar-2024 15:38:26 UTC] PHP Warning:  PHP Startup: Unable to load dynamic library 'php_xsl.dll' (tried: C:/Users/theor/AppData/Roaming/Local/lightning-services/php-8.1.23+0/bin/win64/ext\php_xsl.dll (Le module spécifié est introuvable.), C:/Users/theor/AppData/Roaming/Local/lightning-services/php-8.1.23+0/bin/win64/ext\php_php_xsl.dll.dll (Le module spécifié est introuvable.)) in Unknown on line 0
[04-Mar-2024 15:38:26 UTC] PHP Warning:  PHP Startup: Unable to load dynamic library 'php_soap.dll' (tried: C:/Users/theor/AppData/Roaming/Local/lightning-services/php-8.1.23+0/bin/win64/ext\php_soap.dll (Le module spécifié est introuvable.), C:/Users/theor/AppData/Roaming/Local/lightning-services/php-8.1.23+0/bin/win64/ext\php_php_soap.dll.dll (Le module spécifié est introuvable.)) in Unknown on line 0
[04-Mar-2024 15:38:26 UTC] PHP Warning:  PHP Startup: Unable to load dynamic library 'php_mysqli.dll' (tried: C:/Users/theor/AppData/Roaming/Local/lightning-services/php-8.1.23+0/bin/win64/ext\php_mysqli.dll (Le module spécifié est introuvable.), C:/Users/theor/AppData/Roaming/Local/lightning-services/php-8.1.23+0/bin/win64/ext\php_php_mysqli.dll.dll (Le module spécifié est introuvable.)) in Unknown on line 0
[04-Mar-2024 15:38:26 UTC] PHP Warning:  PHP Startup: Unable to load dynamic library 'php_pdo_mysql.dll' (tried: C:/Users/theor/AppData/Roaming/Local/lightning-services/php-8.1.23+0/bin/win64/ext\php_pdo_mysql.dll (Le module spécifié est introuvable.), C:/Users/theor/AppData/Roaming/Local/lightning-services/php-8.1.23+0/bin/win64/ext\php_php_pdo_mysql.dll.dll (Le module spécifié est introuvable.)) in Unknown on line 0
[04-Mar-2024 15:38:26 UTC] PHP Warning:  PHP Startup: Unable to load dynamic library 'php_fileinfo.dll' (tried: C:/Users/theor/AppData/Roaming/Local/lightning-services/php-8.1.23+0/bin/win64/ext\php_fileinfo.dll (Le module spécifié est introuvable.), C:/Users/theor/AppData/Roaming/Local/lightning-services/php-8.1.23+0/bin/win64/ext\php_php_fileinfo.dll.dll (Le module spécifié est introuvable.)) in Unknown on line 0
[04-Mar-2024 15:38:26 UTC] PHP Warning:  PHP Startup: Unable to load dynamic library 'php_pdo_sqlite.dll' (tried: C:/Users/theor/AppData/Roaming/Local/lightning-services/php-8.1.23+0/bin/win64/ext\php_pdo_sqlite.dll (Le module spécifié est introuvable.), C:/Users/theor/AppData/Roaming/Local/lightning-services/php-8.1.23+0/bin/win64/ext\php_php_pdo_sqlite.dll.dll (Le module spécifié est introuvable.)) in Unknown on line 0
[04-Mar-2024 15:38:26 UTC] PHP Warning:  PHP Startup: Unable to load dynamic library 'php_sqlite3.dll' (tried: C:/Users/theor/AppData/Roaming/Local/lightning-services/php-8.1.23+0/bin/win64/ext\php_sqlite3.dll (Le module spécifié est introuvable.), C:/Users/theor/AppData/Roaming/Local/lightning-services/php-8.1.23+0/bin/win64/ext\php_php_sqlite3.dll.dll (Le module spécifié est introuvable.)) in Unknown on line 0
[04-Mar-2024 15:38:26 UTC] PHP Warning:  PHP Startup: Unable to load dynamic library 'php_imagick.dll' (tried: C:/Users/theor/AppData/Roaming/Local/lightning-services/php-8.1.23+0/bin/win64/ext\php_imagick.dll (Le module spécifié est introuvable.), C:/Users/theor/AppData/Roaming/Local/lightning-services/php-8.1.23+0/bin/win64/ext\php_php_imagick.dll.dll (Le module spécifié est introuvable.)) in Unknown on line 0
[04-Mar-2024 15:38:26 UTC] PHP Warning:  PHP Startup: Unable to load dynamic library 'php_intl.dll' (tried: C:/Users/theor/AppData/Roaming/Local/lightning-services/php-8.1.23+0/bin/win64/ext\php_intl.dll (Le module spécifié est introuvable.), C:/Users/theor/AppData/Roaming/Local/lightning-services/php-8.1.23+0/bin/win64/ext\php_php_intl.dll.dll (Le module spécifié est introuvable.)) in Unknown on line 0
[04-Mar-2024 15:38:27 UTC] PHP Warning:  Failed loading Zend extension 'php_opcache.dll' (tried: C:/Users/theor/AppData/Roaming/Local/lightning-services/php-8.1.23+0/bin/win64/ext\php_opcache.dll (Le module spécifié est introuvable.), C:/Users/theor/AppData/Roaming/Local/lightning-services/php-8.1.23+0/bin/win64/ext\php_php_opcache.dll.dll (Le module spécifié est introuvable.)) in Unknown on line 0
[04-Mar-2024 15:38:27 UTC] PHP Warning:  Failed loading Zend extension 'php_xdebug.dll' (tried: C:/Users/theor/AppData/Roaming/Local/lightning-services/php-8.1.23+0/bin/win64/ext\php_xdebug.dll (Le module spécifié est introuvable.), C:/Users/theor/AppData/Roaming/Local/lightning-services/php-8.1.23+0/bin/win64/ext\php_php_xdebug.dll.dll (Le module spécifié est introuvable.)) in Unknown on line 0
[04-Mar-2024 15:38:27 UTC] PHP Warning:  PHP Startup: Unable to load dynamic library 'php_curl.dll' (tried: C:/Users/theor/AppData/Roaming/Local/lightning-services/php-8.1.23+0/bin/win64/ext\php_curl.dll (Le module spécifié est introuvable.), C:/Users/theor/AppData/Roaming/Local/lightning-services/php-8.1.23+0/bin/win64/ext\php_php_curl.dll.dll (Le module spécifié est introuvable.)) in Unknown on line 0
[04-Mar-2024 15:38:27 UTC] PHP Warning:  PHP Startup: Unable to load dynamic library 'php_gettext.dll' (tried: C:/Users/theor/AppData/Roaming/Local/lightning-services/php-8.1.23+0/bin/win64/ext\php_gettext.dll (Le module spécifié est introuvable.), C:/Users/theor/AppData/Roaming/Local/lightning-services/php-8.1.23+0/bin/win64/ext\php_php_gettext.dll.dll (Le module spécifié est introuvable.)) in Unknown on line 0
[04-Mar-2024 15:38:27 UTC] PHP Warning:  PHP Startup: Unable to load dynamic library 'php_openssl.dll' (tried: C:/Users/theor/AppData/Roaming/Local/lightning-services/php-8.1.23+0/bin/win64/ext\php_openssl.dll (Le module spécifié est introuvable.), C:/Users/theor/AppData/Roaming/Local/lightning-services/php-8.1.23+0/bin/win64/ext\php_php_openssl.dll.dll (Le module spécifié est introuvable.)) in Unknown on line 0
[04-Mar-2024 15:38:27 UTC] PHP Warning:  PHP Startup: Unable to load dynamic library 'php_exif.dll' (tried: C:/Users/theor/AppData/Roaming/Local/lightning-services/php-8.1.23+0/bin/win64/ext\php_exif.dll (Le module spécifié est introuvable.), C:/Users/theor/AppData/Roaming/Local/lightning-services/php-8.1.23+0/bin/win64/ext\php_php_exif.dll.dll (Le module spécifié est introuvable.)) in Unknown on line 0
[04-Mar-2024 15:38:27 UTC] PHP Warning:  PHP Startup: Unable to load dynamic library 'php_gd.dll' (tried: C:/Users/theor/AppData/Roaming/Local/lightning-services/php-8.1.23+0/bin/win64/ext\php_gd.dll (Le module spécifié est introuvable.), C:/Users/theor/AppData/Roaming/Local/lightning-services/php-8.1.23+0/bin/win64/ext\php_php_gd.dll.dll (Le module spécifié est introuvable.)) in Unknown on line 0
[04-Mar-2024 15:38:27 UTC] PHP Warning:  PHP Startup: Unable to load dynamic library 'php_ftp.dll' (tried: C:/Users/theor/AppData/Roaming/Local/lightning-services/php-8.1.23+0/bin/win64/ext\php_ftp.dll (Le module spécifié est introuvable.), C:/Users/theor/AppData/Roaming/Local/lightning-services/php-8.1.23+0/bin/win64/ext\php_php_ftp.dll.dll (Le module spécifié est introuvable.)) in Unknown on line 0
[04-Mar-2024 15:38:27 UTC] PHP Warning:  PHP Startup: Unable to load dynamic library 'php_ffi.dll' (tried: C:/Users/theor/AppData/Roaming/Local/lightning-services/php-8.1.23+0/bin/win64/ext\php_ffi.dll (Le module spécifié est introuvable.), C:/Users/theor/AppData/Roaming/Local/lightning-services/php-8.1.23+0/bin/win64/ext\php_php_ffi.dll.dll (Le module spécifié est introuvable.)) in Unknown on line 0
[04-Mar-2024 15:38:27 UTC] PHP Warning:  PHP Startup: Unable to load dynamic library 'php_imap.dll' (tried: C:/Users/theor/AppData/Roaming/Local/lightning-services/php-8.1.23+0/bin/win64/ext\php_imap.dll (Le module spécifié est introuvable.), C:/Users/theor/AppData/Roaming/Local/lightning-services/php-8.1.23+0/bin/win64/ext\php_php_imap.dll.dll (Le module spécifié est introuvable.)) in Unknown on line 0
[04-Mar-2024 15:38:27 UTC] PHP Warning:  PHP Startup: Unable to load dynamic library 'php_bz2.dll' (tried: C:/Users/theor/AppData/Roaming/Local/lightning-services/php-8.1.23+0/bin/win64/ext\php_bz2.dll (Le module spécifié est introuvable.), C:/Users/theor/AppData/Roaming/Local/lightning-services/php-8.1.23+0/bin/win64/ext\php_php_bz2.dll.dll (Le module spécifié est introuvable.)) in Unknown on line 0
[04-Mar-2024 15:38:27 UTC] PHP Warning:  PHP Startup: Unable to load dynamic library 'php_mbstring.dll' (tried: C:/Users/theor/AppData/Roaming/Local/lightning-services/php-8.1.23+0/bin/win64/ext\php_mbstring.dll (Le module spécifié est introuvable.), C:/Users/theor/AppData/Roaming/Local/lightning-services/php-8.1.23+0/bin/win64/ext\php_php_mbstring.dll.dll (Le module spécifié est introuvable.)) in Unknown on line 0
[04-Mar-2024 15:38:27 UTC] PHP Warning:  PHP Startup: Unable to load dynamic library 'php_sodium.dll' (tried: C:/Users/theor/AppData/Roaming/Local/lightning-services/php-8.1.23+0/bin/win64/ext\php_sodium.dll (Le module spécifié est introuvable.), C:/Users/theor/AppData/Roaming/Local/lightning-services/php-8.1.23+0/bin/win64/ext\php_php_sodium.dll.dll (Le module spécifié est introuvable.)) in Unknown on line 0
[04-Mar-2024 15:38:27 UTC] PHP Warning:  PHP Startup: Unable to load dynamic library 'php_tidy.dll' (tried: C:/Users/theor/AppData/Roaming/Local/lightning-services/php-8.1.23+0/bin/win64/ext\php_tidy.dll (Le module spécifié est introuvable.), C:/Users/theor/AppData/Roaming/Local/lightning-services/php-8.1.23+0/bin/win64/ext\php_php_tidy.dll.dll (Le module spécifié est introuvable.)) in Unknown on line 0
[04-Mar-2024 15:38:27 UTC] PHP Warning:  PHP Startup: Unable to load dynamic library 'php_xsl.dll' (tried: C:/Users/theor/AppData/Roaming/Local/lightning-services/php-8.1.23+0/bin/win64/ext\php_xsl.dll (Le module spécifié est introuvable.), C:/Users/theor/AppData/Roaming/Local/lightning-services/php-8.1.23+0/bin/win64/ext\php_php_xsl.dll.dll (Le module spécifié est introuvable.)) in Unknown on line 0
[04-Mar-2024 15:38:27 UTC] PHP Warning:  PHP Startup: Unable to load dynamic library 'php_soap.dll' (tried: C:/Users/theor/AppData/Roaming/Local/lightning-services/php-8.1.23+0/bin/win64/ext\php_soap.dll (Le module spécifié est introuvable.), C:/Users/theor/AppData/Roaming/Local/lightning-services/php-8.1.23+0/bin/win64/ext\php_php_soap.dll.dll (Le module spécifié est introuvable.)) in Unknown on line 0
[04-Mar-2024 15:38:27 UTC] PHP Warning:  PHP Startup: Unable to load dynamic library 'php_mysqli.dll' (tried: C:/Users/theor/AppData/Roaming/Local/lightning-services/php-8.1.23+0/bin/win64/ext\php_mysqli.dll (Le module spécifié est introuvable.), C:/Users/theor/AppData/Roaming/Local/lightning-services/php-8.1.23+0/bin/win64/ext\php_php_mysqli.dll.dll (Le module spécifié est introuvable.)) in Unknown on line 0
[04-Mar-2024 15:38:27 UTC] PHP Warning:  PHP Startup: Unable to load dynamic library 'php_pdo_mysql.dll' (tried: C:/Users/theor/AppData/Roaming/Local/lightning-services/php-8.1.23+0/bin/win64/ext\php_pdo_mysql.dll (Le module spécifié est introuvable.), C:/Users/theor/AppData/Roaming/Local/lightning-services/php-8.1.23+0/bin/win64/ext\php_php_pdo_mysql.dll.dll (Le module spécifié est introuvable.)) in Unknown on line 0
[04-Mar-2024 15:38:27 UTC] PHP Warning:  PHP Startup: Unable to load dynamic library 'php_fileinfo.dll' (tried: C:/Users/theor/AppData/Roaming/Local/lightning-services/php-8.1.23+0/bin/win64/ext\php_fileinfo.dll (Le module spécifié est introuvable.), C:/Users/theor/AppData/Roaming/Local/lightning-services/php-8.1.23+0/bin/win64/ext\php_php_fileinfo.dll.dll (Le module spécifié est introuvable.)) in Unknown on line 0
[04-Mar-2024 15:38:27 UTC] PHP Warning:  PHP Startup: Unable to load dynamic library 'php_pdo_sqlite.dll' (tried: C:/Users/theor/AppData/Roaming/Local/lightning-services/php-8.1.23+0/bin/win64/ext\php_pdo_sqlite.dll (Le module spécifié est introuvable.), C:/Users/theor/AppData/Roaming/Local/lightning-services/php-8.1.23+0/bin/win64/ext\php_php_pdo_sqlite.dll.dll (Le module spécifié est introuvable.)) in Unknown on line 0
[04-Mar-2024 15:38:27 UTC] PHP Warning:  PHP Startup: Unable to load dynamic library 'php_sqlite3.dll' (tried: C:/Users/theor/AppData/Roaming/Local/lightning-services/php-8.1.23+0/bin/win64/ext\php_sqlite3.dll (Le module spécifié est introuvable.), C:/Users/theor/AppData/Roaming/Local/lightning-services/php-8.1.23+0/bin/win64/ext\php_php_sqlite3.dll.dll (Le module spécifié est introuvable.)) in Unknown on line 0
[04-Mar-2024 15:38:27 UTC] PHP Warning:  PHP Startup: Unable to load dynamic library 'php_imagick.dll' (tried: C:/Users/theor/AppData/Roaming/Local/lightning-services/php-8.1.23+0/bin/win64/ext\php_imagick.dll (Le module spécifié est introuvable.), C:/Users/theor/AppData/Roaming/Local/lightning-services/php-8.1.23+0/bin/win64/ext\php_php_imagick.dll.dll (Le module spécifié est introuvable.)) in Unknown on line 0
[04-Mar-2024 15:38:27 UTC] PHP Warning:  PHP Startup: Unable to load dynamic library 'php_intl.dll' (tried: C:/Users/theor/AppData/Roaming/Local/lightning-services/php-8.1.23+0/bin/win64/ext\php_intl.dll (Le module spécifié est introuvable.), C:/Users/theor/AppData/Roaming/Local/lightning-services/php-8.1.23+0/bin/win64/ext\php_php_intl.dll.dll (Le module spécifié est introuvable.)) in Unknown on line 0
[30-Mar-2024 16:02:51 UTC] PHP Fatal error:  Uncaught Error: Class 'Elementor\Scheme_Typography' not found in C:\Users\theor\Local Sites\medit2\app\public\wp-content\plugins\ocean-elementor-widgets\modules\accordion\widgets\accordion.php:244
Stack trace:
#0 C:\Users\theor\Local Sites\medit2\app\public\wp-content\plugins\elementor\includes\base\controls-stack.php(2356): owpElementor\Modules\Accordion\Widgets\Accordion->_register_controls()
#1 C:\Users\theor\Local Sites\medit2\app\public\wp-content\plugins\elementor\includes\base\widget-base.php(1044): Elementor\Controls_Stack->init_controls()
#2 C:\Users\theor\Local Sites\medit2\app\public\wp-content\plugins\elementor\includes\base\controls-stack.php(541): Elementor\Widget_Base->init_controls()
#3 C:\Users\theor\Local Sites\medit2\app\public\wp-content\plugins\elementor\includes\base\widget-base.php(181): Elementor\Controls_Stack->get_stack()
#4 C:\Users\theor\Local Sites\medit2\app\public\wp-content\plugins\elementor\includes\managers\widgets.php(388): Elementor\Widget_Base->get_stack(false)
#5 [interna in C:\Users\theor\Local Sites\medit2\app\public\wp-content\plugins\ocean-elementor-widgets\modules\accordion\widgets\accordion.php on line 244
